2026-03-10 16:03:20,490 | INFO | ----- ETL START -----
2026-03-10 16:03:20,490 | INFO | ----- EXTRACT -----
2026-03-10 16:05:49,768 | INFO | ----- ETL START -----
2026-03-10 16:05:49,768 | INFO | ----- EXTRACT -----
2026-03-10 16:11:30,504 | INFO | ----- ETL START -----
2026-03-10 16:11:30,504 | INFO | ----- EXTRACT -----
2026-03-10 16:11:31,000 | INFO | Customers extracted | rows=200 | cols=7 | columns=['CustomerID', 'FirstName', 'LastName', 'Gender', 'BirthDate', 'City', 'JoinDate']
2026-03-10 16:11:31,002 | INFO | Products extracted | rows=50 | cols=6 | columns=['ProductID', 'ProductName', 'Category', 'SubCategory', 'UnitPrice', 'CostPrice']
2026-03-10 16:11:31,002 | INFO | Stores extracted | rows=5 | cols=4 | columns=['StoreID', 'StoreName', 'City', 'Region']
2026-03-10 16:11:31,002 | INFO | Transactions extracted | rows=5000 | cols=8 | columns=['TransactionID', 'Date', 'CustomerID', 'ProductID', 'StoreID', 'Quantity', 'Discount', 'PaymentMethod']
2026-03-10 16:11:31,002 | INFO | ----- SCHEMA VALIDATION -----
2026-03-10 16:11:31,003 | WARNING | Products: faltan columnas {'Subcategory'}
Products: columnas extra detectadas {'SubCategory'}
2026-03-10 16:11:31,003 | INFO | ----- TRANSFORM -----
2026-03-10 16:13:41,567 | INFO | ----- ETL START -----
2026-03-10 16:13:41,567 | INFO | ----- EXTRACT -----
2026-03-10 16:13:41,973 | INFO | Customers extracted | rows=200 | cols=7 | columns=['CustomerID', 'FirstName', 'LastName', 'Gender', 'BirthDate', 'City', 'JoinDate']
2026-03-10 16:13:41,973 | INFO | Products extracted | rows=50 | cols=6 | columns=['ProductID', 'ProductName', 'Category', 'SubCategory', 'UnitPrice', 'CostPrice']
2026-03-10 16:13:41,973 | INFO | Stores extracted | rows=5 | cols=4 | columns=['StoreID', 'StoreName', 'City', 'Region']
2026-03-10 16:13:41,974 | INFO | Transactions extracted | rows=5000 | cols=8 | columns=['TransactionID', 'Date', 'CustomerID', 'ProductID', 'StoreID', 'Quantity', 'Discount', 'PaymentMethod']
2026-03-10 16:13:41,974 | INFO | ----- SCHEMA VALIDATION -----
2026-03-10 16:13:41,974 | WARNING | Products: faltan columnas {'Subcategory'}
Products: columnas extra detectadas {'SubCategory'}
2026-03-10 16:13:41,974 | INFO | ----- TRANSFORM -----
2026-03-10 16:19:36,029 | INFO | ----- ETL START -----
2026-03-10 16:19:36,029 | INFO | ----- EXTRACT -----
2026-03-10 16:19:36,423 | INFO | Customers extracted | rows=200 | cols=7 | columns=['CustomerID', 'FirstName', 'LastName', 'Gender', 'BirthDate', 'City', 'JoinDate']
2026-03-10 16:19:36,423 | INFO | Products extracted | rows=50 | cols=6 | columns=['ProductID', 'ProductName', 'Category', 'SubCategory', 'UnitPrice', 'CostPrice']
2026-03-10 16:19:36,423 | INFO | Stores extracted | rows=5 | cols=4 | columns=['StoreID', 'StoreName', 'City', 'Region']
2026-03-10 16:19:36,423 | INFO | Transactions extracted | rows=5000 | cols=8 | columns=['TransactionID', 'Date', 'CustomerID', 'ProductID', 'StoreID', 'Quantity', 'Discount', 'PaymentMethod']
2026-03-10 16:19:36,423 | INFO | ----- SCHEMA VALIDATION -----
2026-03-10 16:19:36,423 | WARNING | Products: faltan columnas {'Subcategory'}
Products: columnas extra detectadas {'SubCategory'}
2026-03-10 16:19:36,423 | INFO | ----- TRANSFORM -----
2026-03-10 16:19:48,977 | INFO | ----- ETL START -----
2026-03-10 16:19:48,978 | INFO | ----- EXTRACT -----
2026-03-10 16:19:49,401 | INFO | Customers extracted | rows=200 | cols=7 | columns=['CustomerID', 'FirstName', 'LastName', 'Gender', 'BirthDate', 'City', 'JoinDate']
2026-03-10 16:19:49,401 | INFO | Products extracted | rows=50 | cols=6 | columns=['ProductID', 'ProductName', 'Category', 'SubCategory', 'UnitPrice', 'CostPrice']
2026-03-10 16:19:49,401 | INFO | Stores extracted | rows=5 | cols=4 | columns=['StoreID', 'StoreName', 'City', 'Region']
2026-03-10 16:19:49,401 | INFO | Transactions extracted | rows=5000 | cols=8 | columns=['TransactionID', 'Date', 'CustomerID', 'ProductID', 'StoreID', 'Quantity', 'Discount', 'PaymentMethod']
2026-03-10 16:19:49,401 | INFO | ----- SCHEMA VALIDATION -----
2026-03-10 16:19:49,401 | WARNING | Products: faltan columnas {'Subcategory'}
Products: columnas extra detectadas {'SubCategory'}
2026-03-10 16:19:49,401 | INFO | ----- TRANSFORM -----
2026-03-10 16:32:27,191 | INFO | ----- ETL START -----
2026-03-10 16:32:27,191 | INFO | ----- EXTRACT -----
2026-03-10 16:32:27,623 | INFO | Customers extracted | rows=200 | cols=7 | columns=['CustomerID', 'FirstName', 'LastName', 'Gender', 'BirthDate', 'City', 'JoinDate']
2026-03-10 16:32:27,624 | INFO | Products extracted | rows=50 | cols=6 | columns=['ProductID', 'ProductName', 'Category', 'SubCategory', 'UnitPrice', 'CostPrice']
2026-03-10 16:32:27,624 | INFO | Stores extracted | rows=5 | cols=4 | columns=['StoreID', 'StoreName', 'City', 'Region']
2026-03-10 16:32:27,624 | INFO | Transactions extracted | rows=5000 | cols=8 | columns=['TransactionID', 'Date', 'CustomerID', 'ProductID', 'StoreID', 'Quantity', 'Discount', 'PaymentMethod']
2026-03-10 16:32:27,624 | INFO | ----- SCHEMA VALIDATION -----
2026-03-10 16:32:27,624 | WARNING | Products: faltan columnas {'Subcategory'}
Products: columnas extra detectadas {'SubCategory'}
2026-03-10 16:32:27,624 | INFO | ----- TRANSFORM -----
2026-03-10 16:39:40,658 | INFO | ----- ETL START -----
2026-03-10 16:39:40,659 | INFO | ----- EXTRACT -----
2026-03-10 16:53:00,958 | INFO | ----- ETL START -----
2026-03-10 16:53:00,958 | INFO | ----- EXTRACT -----
2026-03-10 16:53:01,372 | INFO | Customers extracted | rows=200 | cols=7 | columns=['CustomerID', 'FirstName', 'LastName', 'Gender', 'BirthDate', 'City', 'JoinDate']
2026-03-10 16:53:01,372 | INFO | Products extracted | rows=50 | cols=6 | columns=['ProductID', 'ProductName', 'Category', 'SubCategory', 'UnitPrice', 'CostPrice']
2026-03-10 16:53:01,372 | INFO | Stores extracted | rows=5 | cols=4 | columns=['StoreID', 'StoreName', 'City', 'Region']
2026-03-10 16:53:01,372 | INFO | Transactions extracted | rows=5000 | cols=8 | columns=['TransactionID', 'Date', 'CustomerID', 'ProductID', 'StoreID', 'Quantity', 'Discount', 'PaymentMethod']
2026-03-10 16:53:01,372 | INFO | ----- SCHEMA VALIDATION -----
2026-03-10 16:53:01,372 | WARNING | Products: faltan columnas {'Subcategory'}
Products: columnas extra detectadas {'SubCategory'}
2026-03-10 16:53:01,372 | INFO | ----- TRANSFORM -----
2026-03-10 16:53:01,385 | INFO | Customers cleaned | rows=200 | cols=7 | columns=['CustomerID', 'FirstName', 'LastName', 'Gender', 'BirthDate', 'City', 'JoinDate']
2026-03-10 16:53:01,385 | INFO | Products cleaned | rows=50 | cols=6 | columns=['ProductID', 'ProductName', 'Category', 'SubCategory', 'UnitPrice', 'CostPrice']
2026-03-10 16:53:01,385 | INFO | Stores cleaned | rows=5 | cols=4 | columns=['StoreID', 'StoreName', 'City', 'Region']
2026-03-10 16:53:01,385 | INFO | Transactions cleaned | rows=5000 | cols=8 | columns=['TransactionID', 'Date', 'CustomerID', 'ProductID', 'StoreID', 'Quantity', 'Discount', 'PaymentMethod']
2026-03-10 16:53:01,385 | INFO | ----- LOAD -----
2026-03-10 16:55:21,069 | INFO | ----- ETL START -----
2026-03-10 16:55:21,069 | INFO | ----- EXTRACT -----
2026-03-10 16:55:21,549 | INFO | Customers extracted | rows=200 | cols=7 | columns=['CustomerID', 'FirstName', 'LastName', 'Gender', 'BirthDate', 'City', 'JoinDate']
2026-03-10 16:55:21,549 | INFO | Products extracted | rows=50 | cols=6 | columns=['ProductID', 'ProductName', 'Category', 'SubCategory', 'UnitPrice', 'CostPrice']
2026-03-10 16:55:21,549 | INFO | Stores extracted | rows=5 | cols=4 | columns=['StoreID', 'StoreName', 'City', 'Region']
2026-03-10 16:55:21,549 | INFO | Transactions extracted | rows=5000 | cols=8 | columns=['TransactionID', 'Date', 'CustomerID', 'ProductID', 'StoreID', 'Quantity', 'Discount', 'PaymentMethod']
2026-03-10 16:55:21,549 | INFO | ----- SCHEMA VALIDATION -----
2026-03-10 16:55:21,549 | WARNING | Products: faltan columnas {'Subcategory'}
Products: columnas extra detectadas {'SubCategory'}
2026-03-10 16:55:21,550 | INFO | ----- TRANSFORM -----
2026-03-10 16:55:21,564 | INFO | Customers cleaned | rows=200 | cols=7 | columns=['CustomerID', 'FirstName', 'LastName', 'Gender', 'BirthDate', 'City', 'JoinDate']
2026-03-10 16:55:21,565 | INFO | Products cleaned | rows=50 | cols=6 | columns=['ProductID', 'ProductName', 'Category', 'SubCategory', 'UnitPrice', 'CostPrice']
2026-03-10 16:55:21,565 | INFO | Stores cleaned | rows=5 | cols=4 | columns=['StoreID', 'StoreName', 'City', 'Region']
2026-03-10 16:55:21,565 | INFO | Transactions cleaned | rows=5000 | cols=8 | columns=['TransactionID', 'Date', 'CustomerID', 'ProductID', 'StoreID', 'Quantity', 'Discount', 'PaymentMethod']
2026-03-10 16:55:21,565 | INFO | ----- LOAD -----
2026-03-10 16:55:21,582 | INFO | ----- ETL FINISHED -----
